2019:06:22 01:58:26.439 INFO  --- [main] com.skcc.Application : Starting Application on DESKTOP-DCER53C with PID 16424 (C:\Users\user\Documents\Cloud\2016_CloudPJT_BACK_JAVA_1\target\classes started by user in C:\Users\user\Documents\Cloud\2016_CloudPJT_BACK_JAVA_1) 
2019:06:22 01:58:26.443 INFO  --- [main] com.skcc.Application : No active profile set, falling back to default profiles: default 
2019:06:22 01:58:26.506 INFO  --- [main] o.s.b.c.e.AnnotationConfigEmbeddedWebApplicationContext : Refreshing org.springframework.boot.context.embedded.AnnotationConfigEmbeddedWebApplicationContext@6302bbb1: startup date [Sat Jun 22 01:58:26 KST 2019]; root of context hierarchy 
2019:06:22 01:58:26.593 INFO  --- [background-preinit] o.h.validator.internal.util.Version : HV000001: Hibernate Validator 5.3.6.Final 
2019:06:22 01:58:28.119 INFO  --- [main] o.s.c.s.PostProcessorRegistrationDelegate$BeanPostProcessorChecker : Bean 'org.springframework.transaction.annotation.ProxyTransactionManagementConfiguration' of type [org.springframework.transaction.annotation.ProxyTransactionManagementConfiguration$$EnhancerBySpringCGLIB$$dd5c51f5] is not eligible for getting processed by all BeanPostProcessors (for example: not eligible for auto-proxying) 
2019:06:22 01:58:28.711 INFO  --- [main] o.s.b.c.e.t.TomcatEmbeddedServletContainer : Tomcat initialized with port(s): 8085 (http) 
2019:06:22 01:58:28.733 INFO  --- [main] o.a.coyote.http11.Http11NioProtocol : Initializing ProtocolHandler ["http-nio-8085"] 
2019:06:22 01:58:28.757 INFO  --- [main] o.a.catalina.core.StandardService : Starting service [Tomcat] 
2019:06:22 01:58:28.759 INFO  --- [main] o.a.catalina.core.StandardEngine : Starting Servlet Engine: Apache Tomcat/8.5.39 
2019:06:22 01:58:28.940 INFO  --- [localhost-startStop-1] o.a.c.c.C.[Tomcat].[localhost].[/] : Initializing Spring embedded WebApplicationContext 
2019:06:22 01:58:28.941 INFO  --- [localhost-startStop-1] o.s.web.context.ContextLoader : Root WebApplicationContext: initialization completed in 2435 ms 
2019:06:22 01:58:29.254 INFO  --- [localhost-startStop-1] o.s.b.w.s.ServletRegistrationBean : Mapping servlet: 'dispatcherServlet' to [/] 
2019:06:22 01:58:29.263 INFO  --- [localhost-startStop-1] o.s.b.w.s.FilterRegistrationBean : Mapping filter: 'characterEncodingFilter' to: [/*] 
2019:06:22 01:58:29.263 INFO  --- [localhost-startStop-1] o.s.b.w.s.FilterRegistrationBean : Mapping filter: 'hiddenHttpMethodFilter' to: [/*] 
2019:06:22 01:58:29.264 INFO  --- [localhost-startStop-1] o.s.b.w.s.FilterRegistrationBean : Mapping filter: 'httpPutFormContentFilter' to: [/*] 
2019:06:22 01:58:29.264 INFO  --- [localhost-startStop-1] o.s.b.w.s.FilterRegistrationBean : Mapping filter: 'requestContextFilter' to: [/*] 
2019:06:22 01:58:29.765 INFO  --- [main] o.s.o.j.LocalContainerEntityManagerFactoryBean : Building JPA container EntityManagerFactory for persistence unit 'default' 
2019:06:22 01:58:29.777 INFO  --- [main] o.h.jpa.internal.util.LogHelper : HHH000204: Processing PersistenceUnitInfo [
	name: default
	...] 
2019:06:22 01:58:29.864 INFO  --- [main] org.hibernate.Version : HHH000412: Hibernate Core {5.0.12.Final} 
2019:06:22 01:58:29.866 INFO  --- [main] org.hibernate.cfg.Environment : HHH000206: hibernate.properties not found 
2019:06:22 01:58:29.867 INFO  --- [main] org.hibernate.cfg.Environment : HHH000021: Bytecode provider name : javassist 
2019:06:22 01:58:29.916 INFO  --- [main] o.h.annotations.common.Version : HCANN000001: Hibernate Commons Annotations {5.0.1.Final} 
2019:06:22 01:58:30.080 INFO  --- [main] org.hibernate.dialect.Dialect : HHH000400: Using dialect: org.hibernate.dialect.MySQL5InnoDBDialect 
2019:06:22 01:58:30.641 INFO  --- [main] o.h.tool.hbm2ddl.SchemaExport : HHH000227: Running hbm2ddl schema export 
2019:06:22 01:58:30.780 INFO  --- [main] o.h.tool.hbm2ddl.SchemaExport : HHH000230: Schema export complete 
2019:06:22 01:58:30.826 INFO  --- [main] o.s.o.j.LocalContainerEntityManagerFactoryBean : Initialized JPA EntityManagerFactory for persistence unit 'default' 
2019:06:22 01:58:32.012 INFO  --- [main] o.s.w.s.m.m.a.RequestMappingHandlerMapping : Mapped "{[/swagger-resources/configuration/ui]}" onto public org.springframework.http.ResponseEntity<springfox.documentation.swagger.web.UiConfiguration> springfox.documentation.swagger.web.ApiResourceController.uiConfiguration() 
2019:06:22 01:58:32.017 INFO  --- [main] o.s.w.s.m.m.a.RequestMappingHandlerMapping : Mapped "{[/swagger-resources]}" onto public org.springframework.http.ResponseEntity<java.util.List<springfox.documentation.swagger.web.SwaggerResource>> springfox.documentation.swagger.web.ApiResourceController.swaggerResources() 
2019:06:22 01:58:32.020 INFO  --- [main] o.s.w.s.m.m.a.RequestMappingHandlerMapping : Mapped "{[/swagger-resources/configuration/security]}" onto public org.springframework.http.ResponseEntity<springfox.documentation.swagger.web.SecurityConfiguration> springfox.documentation.swagger.web.ApiResourceController.securityConfiguration() 
2019:06:22 01:58:32.027 INFO  --- [main] o.s.w.s.m.m.a.RequestMappingHandlerMapping : Mapped "{[/error]}" onto public org.springframework.http.ResponseEntity<java.util.Map<java.lang.String, java.lang.Object>> org.springframework.boot.autoconfigure.web.BasicErrorController.error(javax.servlet.http.HttpServletRequest) 
2019:06:22 01:58:32.030 INFO  --- [main] o.s.w.s.m.m.a.RequestMappingHandlerMapping : Mapped "{[/error],produces=[text/html]}" onto public org.springframework.web.servlet.ModelAndView org.springframework.boot.autoconfigure.web.BasicErrorController.errorHtml(javax.servlet.http.HttpServletRequest,javax.servlet.http.HttpServletResponse) 
2019:06:22 01:58:32.047 INFO  --- [main] o.s.d.r.w.BasePathAwareHandlerMapping : Mapped "{[/profile],methods=[GET]}" onto org.springframework.http.HttpEntity<org.springframework.hateoas.ResourceSupport> org.springframework.data.rest.webmvc.ProfileController.listAllFormsOfMetadata() 
2019:06:22 01:58:32.049 INFO  --- [main] o.s.d.r.w.BasePathAwareHandlerMapping : Mapped "{[/profile],methods=[OPTIONS]}" onto public org.springframework.http.HttpEntity<?> org.springframework.data.rest.webmvc.ProfileController.profileOptions() 
2019:06:22 01:58:32.051 INFO  --- [main] o.s.d.r.w.BasePathAwareHandlerMapping : Mapped "{[/profile/{repository}],methods=[GET],produces=[application/alps+json || */*]}" onto org.springframework.http.HttpEntity<org.springframework.data.rest.webmvc.RootResourceInformation> org.springframework.data.rest.webmvc.alps.AlpsController.descriptor(org.springframework.data.rest.webmvc.RootResourceInformation) 
2019:06:22 01:58:32.052 INFO  --- [main] o.s.d.r.w.BasePathAwareHandlerMapping : Mapped "{[/profile/{repository}],methods=[OPTIONS],produces=[application/alps+json]}" onto org.springframework.http.HttpEntity<?> org.springframework.data.rest.webmvc.alps.AlpsController.alpsOptions() 
2019:06:22 01:58:32.053 INFO  --- [main] o.s.d.r.w.BasePathAwareHandlerMapping : Mapped "{[/profile/{repository}],methods=[GET],produces=[application/schema+json]}" onto public org.springframework.http.HttpEntity<org.springframework.data.rest.webmvc.json.JsonSchema> org.springframework.data.rest.webmvc.RepositorySchemaController.schema(org.springframework.data.rest.webmvc.RootResourceInformation) 
2019:06:22 01:58:32.371 INFO  --- [main] s.d.s.w.PropertySourcedRequestMappingHandlerMapping : Mapped URL path [/v2/api-docs] onto method [public org.springframework.http.ResponseEntity<springfox.documentation.spring.web.json.Json> springfox.documentation.swagger2.web.Swagger2Controller.getDocumentation(java.lang.String,javax.servlet.http.HttpServletRequest)] 
2019:06:22 01:58:32.679 INFO  --- [main] o.s.w.s.m.m.a.RequestMappingHandlerAdapter : Looking for @ControllerAdvice: org.springframework.boot.context.embedded.AnnotationConfigEmbeddedWebApplicationContext@6302bbb1: startup date [Sat Jun 22 01:58:26 KST 2019]; root of context hierarchy 
2019:06:22 01:58:32.754 INFO  --- [main] o.s.w.s.h.SimpleUrlHandlerMapping : Mapped URL path [/webjars/**] onto handler of type [class org.springframework.web.servlet.resource.ResourceHttpRequestHandler] 
2019:06:22 01:58:32.754 INFO  --- [main] o.s.w.s.h.SimpleUrlHandlerMapping : Mapped URL path [/**] onto handler of type [class org.springframework.web.servlet.resource.ResourceHttpRequestHandler] 
2019:06:22 01:58:32.782 INFO  --- [main] o.s.w.s.m.m.a.ExceptionHandlerExceptionResolver : Detected @ExceptionHandler methods in repositoryRestExceptionHandler 
2019:06:22 01:58:32.871 INFO  --- [main] o.s.w.s.h.SimpleUrlHandlerMapping : Mapped URL path [/**/favicon.ico] onto handler of type [class org.springframework.web.servlet.resource.ResourceHttpRequestHandler] 
2019:06:22 01:58:33.101 INFO  --- [main] o.s.d.r.w.RepositoryRestHandlerAdapter : Looking for @ControllerAdvice: org.springframework.boot.context.embedded.AnnotationConfigEmbeddedWebApplicationContext@6302bbb1: startup date [Sat Jun 22 01:58:26 KST 2019]; root of context hierarchy 
2019:06:22 01:58:33.122 INFO  --- [main] o.s.d.r.w.RepositoryRestHandlerMapping : Mapped "{[/{repository}/{id}],methods=[PUT],produces=[application/hal+json || application/json]}" onto public org.springframework.http.ResponseEntity<? extends org.springframework.hateoas.ResourceSupport> org.springframework.data.rest.webmvc.RepositoryEntityController.putItemResource(org.springframework.data.rest.webmvc.RootResourceInformation,org.springframework.data.rest.webmvc.PersistentEntityResource,java.io.Serializable,org.springframework.data.rest.webmvc.PersistentEntityResourceAssembler,org.springframework.data.rest.webmvc.support.ETag,java.lang.String) throws org.springframework.web.HttpRequestMethodNotSupportedException 
2019:06:22 01:58:33.122 INFO  --- [main] o.s.d.r.w.RepositoryRestHandlerMapping : Mapped "{[/{repository}/{id}],methods=[GET],produces=[application/hal+json || application/json]}" onto public org.springframework.http.ResponseEntity<org.springframework.hateoas.Resource<?>> org.springframework.data.rest.webmvc.RepositoryEntityController.getItemResource(org.springframework.data.rest.webmvc.RootResourceInformation,java.io.Serializable,org.springframework.data.rest.webmvc.PersistentEntityResourceAssembler,org.springframework.http.HttpHeaders) throws org.springframework.web.HttpRequestMethodNotSupportedException 
2019:06:22 01:58:33.123 INFO  --- [main] o.s.d.r.w.RepositoryRestHandlerMapping : Mapped "{[/{repository}],methods=[GET],produces=[application/hal+json || application/json]}" onto public org.springframework.hateoas.Resources<?> org.springframework.data.rest.webmvc.RepositoryEntityController.getCollectionResource(org.springframework.data.rest.webmvc.RootResourceInformation,org.springframework.data.rest.webmvc.support.DefaultedPageable,org.springframework.data.domain.Sort,org.springframework.data.rest.webmvc.PersistentEntityResourceAssembler) throws org.springframework.data.rest.webmvc.ResourceNotFoundException,org.springframework.web.HttpRequestMethodNotSupportedException 
2019:06:22 01:58:33.124 INFO  --- [main] o.s.d.r.w.RepositoryRestHandlerMapping : Mapped "{[/{repository}/{id}],methods=[PATCH],produces=[application/hal+json || application/json]}" onto public org.springframework.http.ResponseEntity<org.springframework.hateoas.ResourceSupport> org.springframework.data.rest.webmvc.RepositoryEntityController.patchItemResource(org.springframework.data.rest.webmvc.RootResourceInformation,org.springframework.data.rest.webmvc.PersistentEntityResource,java.io.Serializable,org.springframework.data.rest.webmvc.PersistentEntityResourceAssembler,org.springframework.data.rest.webmvc.support.ETag,java.lang.String) throws org.springframework.web.HttpRequestMethodNotSupportedException,org.springframework.data.rest.webmvc.ResourceNotFoundException 
2019:06:22 01:58:33.124 INFO  --- [main] o.s.d.r.w.RepositoryRestHandlerMapping : Mapped "{[/{repository}/{id}],methods=[OPTIONS],produces=[application/hal+json || application/json]}" onto public org.springframework.http.ResponseEntity<?> org.springframework.data.rest.webmvc.RepositoryEntityController.optionsForItemResource(org.springframework.data.rest.webmvc.RootResourceInformation) 
2019:06:22 01:58:33.126 INFO  --- [main] o.s.d.r.w.RepositoryRestHandlerMapping : Mapped "{[/{repository}],methods=[POST],produces=[application/hal+json || application/json]}" onto public org.springframework.http.ResponseEntity<org.springframework.hateoas.ResourceSupport> org.springframework.data.rest.webmvc.RepositoryEntityController.postCollectionResource(org.springframework.data.rest.webmvc.RootResourceInformation,org.springframework.data.rest.webmvc.PersistentEntityResource,org.springframework.data.rest.webmvc.PersistentEntityResourceAssembler,java.lang.String) throws org.springframework.web.HttpRequestMethodNotSupportedException 
2019:06:22 01:58:33.127 INFO  --- [main] o.s.d.r.w.RepositoryRestHandlerMapping : Mapped "{[/{repository}/{id}],methods=[HEAD],produces=[application/hal+json || application/json]}" onto public org.springframework.http.ResponseEntity<?> org.springframework.data.rest.webmvc.RepositoryEntityController.headForItemResource(org.springframework.data.rest.webmvc.RootResourceInformation,java.io.Serializable,org.springframework.data.rest.webmvc.PersistentEntityResourceAssembler) throws org.springframework.web.HttpRequestMethodNotSupportedException 
2019:06:22 01:58:33.128 INFO  --- [main] o.s.d.r.w.RepositoryRestHandlerMapping : Mapped "{[/{repository}/{id}],methods=[DELETE],produces=[application/hal+json || application/json]}" onto public org.springframework.http.ResponseEntity<?> org.springframework.data.rest.webmvc.RepositoryEntityController.deleteItemResource(org.springframework.data.rest.webmvc.RootResourceInformation,java.io.Serializable,org.springframework.data.rest.webmvc.support.ETag) throws org.springframework.data.rest.webmvc.ResourceNotFoundException,org.springframework.web.HttpRequestMethodNotSupportedException 
2019:06:22 01:58:33.128 INFO  --- [main] o.s.d.r.w.RepositoryRestHandlerMapping : Mapped "{[/{repository}],methods=[HEAD],produces=[application/hal+json || application/json]}" onto public org.springframework.http.ResponseEntity<?> org.springframework.data.rest.webmvc.RepositoryEntityController.headCollectionResource(org.springframework.data.rest.webmvc.RootResourceInformation,org.springframework.data.rest.webmvc.support.DefaultedPageable) throws org.springframework.web.HttpRequestMethodNotSupportedException 
2019:06:22 01:58:33.129 INFO  --- [main] o.s.d.r.w.RepositoryRestHandlerMapping : Mapped "{[/{repository}],methods=[GET],produces=[application/x-spring-data-compact+json || text/uri-list]}" onto public org.springframework.hateoas.Resources<?> org.springframework.data.rest.webmvc.RepositoryEntityController.getCollectionResourceCompact(org.springframework.data.rest.webmvc.RootResourceInformation,org.springframework.data.rest.webmvc.support.DefaultedPageable,org.springframework.data.domain.Sort,org.springframework.data.rest.webmvc.PersistentEntityResourceAssembler) throws org.springframework.data.rest.webmvc.ResourceNotFoundException,org.springframework.web.HttpRequestMethodNotSupportedException 
2019:06:22 01:58:33.130 INFO  --- [main] o.s.d.r.w.RepositoryRestHandlerMapping : Mapped "{[/{repository}],methods=[OPTIONS],produces=[application/hal+json || application/json]}" onto public org.springframework.http.ResponseEntity<?> org.springframework.data.rest.webmvc.RepositoryEntityController.optionsForCollectionResource(org.springframework.data.rest.webmvc.RootResourceInformation) 
2019:06:22 01:58:33.132 INFO  --- [main] o.s.d.r.w.RepositoryRestHandlerMapping : Mapped "{[/{repository}/{id}/{property}],methods=[PATCH || PUT || POST],consumes=[application/json || application/x-spring-data-compact+json || text/uri-list],produces=[application/hal+json || application/json]}" onto public org.springframework.http.ResponseEntity<? extends org.springframework.hateoas.ResourceSupport> org.springframework.data.rest.webmvc.RepositoryPropertyReferenceController.createPropertyReference(org.springframework.data.rest.webmvc.RootResourceInformation,org.springframework.http.HttpMethod,org.springframework.hateoas.Resources<java.lang.Object>,java.io.Serializable,java.lang.String) throws java.lang.Exception 
2019:06:22 01:58:33.133 INFO  --- [main] o.s.d.r.w.RepositoryRestHandlerMapping : Mapped "{[/{repository}/{id}/{property}/{propertyId}],methods=[DELETE],produces=[application/hal+json || application/json]}" onto public org.springframework.http.ResponseEntity<org.springframework.hateoas.ResourceSupport> org.springframework.data.rest.webmvc.RepositoryPropertyReferenceController.deletePropertyReferenceId(org.springframework.data.rest.webmvc.RootResourceInformation,java.io.Serializable,java.lang.String,java.lang.String) throws java.lang.Exception 
2019:06:22 01:58:33.135 INFO  --- [main] o.s.d.r.w.RepositoryRestHandlerMapping : Mapped "{[/{repository}/{id}/{property}/{propertyId}],methods=[GET],produces=[application/hal+json || application/json]}" onto public org.springframework.http.ResponseEntity<org.springframework.hateoas.ResourceSupport> org.springframework.data.rest.webmvc.RepositoryPropertyReferenceController.followPropertyReference(org.springframework.data.rest.webmvc.RootResourceInformation,java.io.Serializable,java.lang.String,java.lang.String,org.springframework.data.rest.webmvc.PersistentEntityResourceAssembler) throws java.lang.Exception 
2019:06:22 01:58:33.136 INFO  --- [main] o.s.d.r.w.RepositoryRestHandlerMapping : Mapped "{[/{repository}/{id}/{property}],methods=[GET],produces=[application/hal+json || application/json]}" onto public org.springframework.http.ResponseEntity<org.springframework.hateoas.ResourceSupport> org.springframework.data.rest.webmvc.RepositoryPropertyReferenceController.followPropertyReference(org.springframework.data.rest.webmvc.RootResourceInformation,java.io.Serializable,java.lang.String,org.springframework.data.rest.webmvc.PersistentEntityResourceAssembler) throws java.lang.Exception 
2019:06:22 01:58:33.136 INFO  --- [main] o.s.d.r.w.RepositoryRestHandlerMapping : Mapped "{[/{repository}/{id}/{property}],methods=[DELETE],produces=[application/hal+json || application/json]}" onto public org.springframework.http.ResponseEntity<? extends org.springframework.hateoas.ResourceSupport> org.springframework.data.rest.webmvc.RepositoryPropertyReferenceController.deletePropertyReference(org.springframework.data.rest.webmvc.RootResourceInformation,java.io.Serializable,java.lang.String) throws java.lang.Exception 
2019:06:22 01:58:33.137 INFO  --- [main] o.s.d.r.w.RepositoryRestHandlerMapping : Mapped "{[/{repository}/{id}/{property}],methods=[GET],produces=[application/x-spring-data-compact+json || text/uri-list]}" onto public org.springframework.http.ResponseEntity<org.springframework.hateoas.ResourceSupport> org.springframework.data.rest.webmvc.RepositoryPropertyReferenceController.followPropertyReferenceCompact(org.springframework.data.rest.webmvc.RootResourceInformation,java.io.Serializable,java.lang.String,org.springframework.data.rest.webmvc.PersistentEntityResourceAssembler) throws java.lang.Exception 
2019:06:22 01:58:33.138 INFO  --- [main] o.s.d.r.w.RepositoryRestHandlerMapping : Mapped "{[/{repository}/search/{search}],methods=[GET],produces=[application/x-spring-data-compact+json]}" onto public org.springframework.hateoas.ResourceSupport org.springframework.data.rest.webmvc.RepositorySearchController.executeSearchCompact(org.springframework.data.rest.webmvc.RootResourceInformation,org.springframework.http.HttpHeaders,org.springframework.util.MultiValueMap<java.lang.String, java.lang.Object>,java.lang.String,java.lang.String,org.springframework.data.rest.webmvc.support.DefaultedPageable,org.springframework.data.domain.Sort,org.springframework.data.rest.webmvc.PersistentEntityResourceAssembler) 
2019:06:22 01:58:33.139 INFO  --- [main] o.s.d.r.w.RepositoryRestHandlerMapping : Mapped "{[/{repository}/search],methods=[OPTIONS],produces=[application/hal+json || application/json]}" onto public org.springframework.http.HttpEntity<?> org.springframework.data.rest.webmvc.RepositorySearchController.optionsForSearches(org.springframework.data.rest.webmvc.RootResourceInformation) 
2019:06:22 01:58:33.139 INFO  --- [main] o.s.d.r.w.RepositoryRestHandlerMapping : Mapped "{[/{repository}/search/{search}],methods=[HEAD],produces=[application/hal+json || application/json]}" onto public org.springframework.http.ResponseEntity<java.lang.Object> org.springframework.data.rest.webmvc.RepositorySearchController.headForSearch(org.springframework.data.rest.webmvc.RootResourceInformation,java.lang.String) 
2019:06:22 01:58:33.140 INFO  --- [main] o.s.d.r.w.RepositoryRestHandlerMapping : Mapped "{[/{repository}/search],methods=[HEAD],produces=[application/hal+json || application/json]}" onto public org.springframework.http.HttpEntity<?> org.springframework.data.rest.webmvc.RepositorySearchController.headForSearches(org.springframework.data.rest.webmvc.RootResourceInformation) 
2019:06:22 01:58:33.142 INFO  --- [main] o.s.d.r.w.RepositoryRestHandlerMapping : Mapped "{[/{repository}/search/{search}],methods=[GET],produces=[application/hal+json || application/json]}" onto public org.springframework.http.ResponseEntity<?> org.springframework.data.rest.webmvc.RepositorySearchController.executeSearch(org.springframework.data.rest.webmvc.RootResourceInformation,org.springframework.util.MultiValueMap<java.lang.String, java.lang.Object>,java.lang.String,org.springframework.data.rest.webmvc.support.DefaultedPageable,org.springframework.data.domain.Sort,org.springframework.data.rest.webmvc.PersistentEntityResourceAssembler,org.springframework.http.HttpHeaders) 
2019:06:22 01:58:33.142 INFO  --- [main] o.s.d.r.w.RepositoryRestHandlerMapping : Mapped "{[/{repository}/search],methods=[GET],produces=[application/hal+json || application/json]}" onto public org.springframework.data.rest.webmvc.RepositorySearchesResource org.springframework.data.rest.webmvc.RepositorySearchController.listSearches(org.springframework.data.rest.webmvc.RootResourceInformation) 
2019:06:22 01:58:33.143 INFO  --- [main] o.s.d.r.w.RepositoryRestHandlerMapping : Mapped "{[/{repository}/search/{search}],methods=[OPTIONS],produces=[application/hal+json || application/json]}" onto public org.springframework.http.ResponseEntity<java.lang.Object> org.springframework.data.rest.webmvc.RepositorySearchController.optionsForSearch(org.springframework.data.rest.webmvc.RootResourceInformation,java.lang.String) 
2019:06:22 01:58:33.144 INFO  --- [main] o.s.d.r.w.RepositoryRestHandlerMapping : Mapped "{[/ || ],methods=[OPTIONS],produces=[application/hal+json || application/json]}" onto public org.springframework.http.HttpEntity<?> org.springframework.data.rest.webmvc.RepositoryController.optionsForRepositories() 
2019:06:22 01:58:33.145 INFO  --- [main] o.s.d.r.w.RepositoryRestHandlerMapping : Mapped "{[/ || ],methods=[HEAD],produces=[application/hal+json || application/json]}" onto public org.springframework.http.ResponseEntity<?> org.springframework.data.rest.webmvc.RepositoryController.headForRepositories() 
2019:06:22 01:58:33.145 INFO  --- [main] o.s.d.r.w.RepositoryRestHandlerMapping : Mapped "{[/ || ],methods=[GET],produces=[application/hal+json || application/json]}" onto public org.springframework.http.HttpEntity<org.springframework.data.rest.webmvc.RepositoryLinksResource> org.springframework.data.rest.webmvc.RepositoryController.listRepositories() 
2019:06:22 01:58:33.152 INFO  --- [main] o.s.d.r.w.BasePathAwareHandlerMapping : Mapped "{[/profile],methods=[GET]}" onto org.springframework.http.HttpEntity<org.springframework.hateoas.ResourceSupport> org.springframework.data.rest.webmvc.ProfileController.listAllFormsOfMetadata() 
2019:06:22 01:58:33.152 INFO  --- [main] o.s.d.r.w.BasePathAwareHandlerMapping : Mapped "{[/profile],methods=[OPTIONS]}" onto public org.springframework.http.HttpEntity<?> org.springframework.data.rest.webmvc.ProfileController.profileOptions() 
2019:06:22 01:58:33.153 INFO  --- [main] o.s.d.r.w.BasePathAwareHandlerMapping : Mapped "{[/profile/{repository}],methods=[GET],produces=[application/alps+json || */*]}" onto org.springframework.http.HttpEntity<org.springframework.data.rest.webmvc.RootResourceInformation> org.springframework.data.rest.webmvc.alps.AlpsController.descriptor(org.springframework.data.rest.webmvc.RootResourceInformation) 
2019:06:22 01:58:33.153 INFO  --- [main] o.s.d.r.w.BasePathAwareHandlerMapping : Mapped "{[/profile/{repository}],methods=[OPTIONS],produces=[application/alps+json]}" onto org.springframework.http.HttpEntity<?> org.springframework.data.rest.webmvc.alps.AlpsController.alpsOptions() 
2019:06:22 01:58:33.154 INFO  --- [main] o.s.d.r.w.BasePathAwareHandlerMapping : Mapped "{[/profile/{repository}],methods=[GET],produces=[application/schema+json]}" onto public org.springframework.http.HttpEntity<org.springframework.data.rest.webmvc.json.JsonSchema> org.springframework.data.rest.webmvc.RepositorySchemaController.schema(org.springframework.data.rest.webmvc.RootResourceInformation) 
2019:06:22 01:58:33.409 INFO  --- [main] o.s.j.e.a.AnnotationMBeanExporter : Registering beans for JMX exposure on startup 
2019:06:22 01:58:33.429 INFO  --- [main] o.s.c.s.DefaultLifecycleProcessor : Starting beans in phase 2147483647 
2019:06:22 01:58:33.430 INFO  --- [main] s.d.s.w.p.DocumentationPluginsBootstrapper : Context refreshed 
2019:06:22 01:58:33.455 INFO  --- [main] s.d.s.w.p.DocumentationPluginsBootstrapper : Found 1 custom documentation plugin(s) 
2019:06:22 01:58:33.797 INFO  --- [main] s.d.s.w.s.ApiListingReferenceScanner : Scanning for api listing references 
2019:06:22 01:58:34.175 INFO  --- [main] o.a.coyote.http11.Http11NioProtocol : Starting ProtocolHandler ["http-nio-8085"] 
2019:06:22 01:58:34.198 INFO  --- [main] o.a.tomcat.util.net.NioSelectorPool : Using a shared selector for servlet write/read 
2019:06:22 01:58:34.218 INFO  --- [main] o.s.b.c.e.t.TomcatEmbeddedServletContainer : Tomcat started on port(s): 8085 (http) 
2019:06:22 01:58:34.226 INFO  --- [main] com.skcc.Application : Started Application in 8.302 seconds (JVM running for 9.017) 
2019:06:22 02:29:22.063 INFO  --- [RMI TCP Connection(123)-127.0.0.1] o.s.b.a.SpringApplicationAdminMXBeanRegistrar$SpringApplicationAdmin : Application shutdown requested. 
2019:06:22 02:29:22.080 INFO  --- [RMI TCP Connection(123)-127.0.0.1] o.s.b.c.e.AnnotationConfigEmbeddedWebApplicationContext : Closing org.springframework.boot.context.embedded.AnnotationConfigEmbeddedWebApplicationContext@6302bbb1: startup date [Sat Jun 22 01:58:26 KST 2019]; root of context hierarchy 
2019:06:22 02:29:22.184 INFO  --- [RMI TCP Connection(123)-127.0.0.1] o.s.c.s.DefaultLifecycleProcessor : Stopping beans in phase 2147483647 
2019:06:22 02:29:22.203 INFO  --- [RMI TCP Connection(123)-127.0.0.1] o.s.j.e.a.AnnotationMBeanExporter : Unregistering JMX-exposed beans on shutdown 
2019:06:22 02:29:22.217 INFO  --- [RMI TCP Connection(123)-127.0.0.1] o.s.o.j.LocalContainerEntityManagerFactoryBean : Closing JPA EntityManagerFactory for persistence unit 'default' 
2019:06:22 02:29:22.233 INFO  --- [RMI TCP Connection(123)-127.0.0.1] o.h.tool.hbm2ddl.SchemaExport : HHH000227: Running hbm2ddl schema export 
2019:06:22 02:29:22.400 INFO  --- [RMI TCP Connection(123)-127.0.0.1] o.h.tool.hbm2ddl.SchemaExport : HHH000230: Schema export complete 
